<?xml version="1.0" encoding="UTF-8"?>
<testsuite name="hu.falsyquiz.falsyquiz.ExampleUnitTest" tests="1" skipped="0" failures="0" errors="0" timestamp="2018-04-29T21:57:34" hostname="DESKTOP-GBLJLQR" time="0.0">
  <properties/>
  <testcase name="addition_isCorrect" classname="hu.falsyquiz.falsyquiz.ExampleUnitTest" time="0.0"/>
  <system-out><![CDATA[]]></system-out>
  <system-err><![CDATA[]]></system-err>
</testsuite>
